<?xml version="1.0" encoding="UTF-8"?>
<!-- Generated by org.testng.reporters.JUnitReportReporter -->
<testsuite hostname="Ramanathans-MacBook-Air.local" failures="0" tests="2" name="test.testng" time="0.437" errors="0" timestamp="2024-04-19T22:00:20 IST" skipped="0">
  <testcase classname="test.testng" name="differentTypeTest" time="0.254"/>
  <testcase classname="test.testng" name="reportTest" time="0.183"/>
</testsuite> <!-- test.testng -->
