<?xml version="1.0" encoding="UTF-8"?>
<!-- Generated by org.testng.reporters.JUnitReportReporter -->
<testsuite hostname="Ramanathans-MacBook-Air.local" failures="0" tests="2" name="test.reportGenTest" time="0.011" errors="0" timestamp="2024-04-20T13:35:46 IST" skipped="0">
  <testcase classname="test.reportGenTest" name="getURL" time="0.005"/>
  <testcase classname="test.reportGenTest" name="googleTest" time="0.006"/>
</testsuite> <!-- test.reportGenTest -->
